<?xml version="1.0" encoding="UTF-8"?>
<!-- Generated by org.testng.reporters.JUnitXMLReporter -->
<testsuite ignored="10" hostname="marwa-sw" failures="0" tests="2" name="smoke test" time="0.3" errors="0" timestamp="2023-05-01T07:38:49 EET">
  <testcase classname="test.Class2" name="Class_02_test_01" time="0.007"/>
  <testcase classname="test.Class2" name="Class_02_test_02" time="0.001"/>
  <testcase classname="test.Class3" name="Class_03_test_04" time="0.0">
    <ignored/>
  </testcase> <!-- Class_03_test_04 -->
  <testcase classname="test.Class3" name="Class_03_test_03" time="0.0">
    <ignored/>
  </testcase> <!-- Class_03_test_03 -->
  <testcase classname="test.Class2" name="Class_02_test_03" time="0.0">
    <ignored/>
  </testcase> <!-- Class_02_test_03 -->
  <testcase classname="test.Class2" name="Class_02_test_04" time="0.0">
    <ignored/>
  </testcase> <!-- Class_02_test_04 -->
  <testcase classname="test.Class4" name="Class_04_test_04" time="0.0">
    <ignored/>
  </testcase> <!-- Class_04_test_04 -->
  <testcase classname="test.Class4" name="Class_04_test_01" time="0.0">
    <ignored/>
  </testcase> <!-- Class_04_test_01 -->
  <testcase classname="test.Class3" name="Class_03_test_02" time="0.0">
    <ignored/>
  </testcase> <!-- Class_03_test_02 -->
  <testcase classname="test.Class4" name="Class_04_test_03" time="0.0">
    <ignored/>
  </testcase> <!-- Class_04_test_03 -->
  <testcase classname="test.Class3" name="Class_03_test_01" time="0.0">
    <ignored/>
  </testcase> <!-- Class_03_test_01 -->
  <testcase classname="test.Class4" name="Class_04_test_02" time="0.0">
    <ignored/>
  </testcase> <!-- Class_04_test_02 -->
</testsuite> <!-- smoke test -->
