<?xml version="1.0" encoding="UTF-8"?>
<testsuite xmlns:xsi="http://www.w3.org/2001/XMLSchema-instance" xsi:schemaLocation="https://maven.apache.org/surefire/maven-surefire-plugin/xsd/surefire-test-report.xsd" name="TestSuite" time="8.03" tests="22" errors="0" skipped="0" failures="2">
  <properties>
[...]
</properties>
  <testcase name="Class_02_test_01" classname="test.Class2" time="0.01"/>
  <testcase name="Class_02_test_02" classname="test.Class2" time="0.003"/>
  <testcase name="Class_02_test_03" classname="test.Class2" time="0.005"/>
  <testcase name="Class_02_test_04" classname="test.Class2" time="0.001"/>
  <testcase name="Class_01_test_01" classname="test.class1" time="0.002"/>
  <testcase name="Class_01_test_01" classname="test.class1" time="0.001"/>
  <testcase name="Class_01_test_02" classname="test.class1" time="0"/>
  <testcase name="Class_01_test_02" classname="test.class1" time="0.001"/>
  <testcase name="Class_01_test_03" classname="test.class1" time="0.001"/>
  <testcase name="Class_01_test_03" classname="test.class1" time="0.003"/>
  <testcase name="Class_01_test_04" classname="test.class1" time="0.003"/>
  <testcase name="Class_01_test_04" classname="test.class1" time="0.001"/>
  <testcase name="Class_03_test_01" classname="test.Class3" time="0.005"/>
  <testcase name="Class_03_test_02" classname="test.Class3" time="0"/>
  <testcase name="Class_03_test_03" classname="test.Class3" time="0.002"/>
  <testcase name="Class_03_test_04" classname="test.Class3" time="0"/>
  <testcase name="Class_04_test_01" classname="test.Class4" time="0"/>
  <testcase name="Class_04_test_02" classname="test.Class4" time="0"/>
  <testcase name="Class_04_test_03" classname="test.Class4" time="0.001"/>
  <testcase name="Class_04_test_04" classname="test.Class4" time="0.034">
    <failure message="expected [true] but found [false]" type="java.lang.AssertionError">java.lang.AssertionError: expected [true] but found [false]
	at test.Class4.Class_04_test_04(Class4.java:24)
</failure>
  </testcase>
  <testcase name="user_logged" classname="test.Login" time="0.004"/>
  <testcase name="Class_1_test_1" classname="test.Main3" time="6.349">
    <failure message="no such window: target window already closed&#10;from unknown error: web view not found&#10;  (Session info: chrome=113.0.5672.126)&#10;Build info: version: &apos;4.8.1&apos;, revision: &apos;8ebccac989&apos;&#10;System info: os.name: &apos;Windows 10&apos;, os.arch: &apos;amd64&apos;, os.version: &apos;10.0&apos;, java.version: &apos;17&apos;&#10;Driver info: org.openqa.selenium.chrome.ChromeDriver&#10;Command: [3f9bb1f81a0e8d79922a29b824fc9a17, get {url=http://www.google.com}]&#10;Capabilities {acceptInsecureCerts: false, browserName: chrome, browserVersion: 113.0.5672.126, chrome: {chromedriverVersion: 113.0.5672.63 (0e1a4471d5ae..., userDataDir: C:\Users\AHMED~1.HEL\AppDat...}, goog:chromeOptions: {debuggerAddress: localhost:62729}, networkConnectionEnabled: false, pageLoadStrategy: normal, platformName: WINDOWS, proxy: Proxy(), setWindowRect: true, strictFileInteractability: false, timeouts: {implicit: 0, pageLoad: 300000, script: 30000}, unhandledPromptBehavior: dismiss and notify, webauthn:extension:credBlob: true, webauthn:extension:largeBlob: true, webauthn:extension:minPinLength: true, webauthn:extension:prf: true, webauthn:virtualAuthenticators: true}&#10;Session ID: 3f9bb1f81a0e8d79922a29b824fc9a17" type="org.openqa.selenium.NoSuchWindowException">org.openqa.selenium.NoSuchWindowException: 
no such window: target window already closed
from unknown error: web view not found
  (Session info: chrome=113.0.5672.126)
Build info: version: '4.8.1', revision: '8ebccac989'
System info: os.name: 'Windows 10', os.arch: 'amd64', os.version: '10.0', java.version: '17'
Driver info: org.openqa.selenium.chrome.ChromeDriver
Command: [3f9bb1f81a0e8d79922a29b824fc9a17, get {url=http://www.google.com}]
Capabilities {acceptInsecureCerts: false, browserName: chrome, browserVersion: 113.0.5672.126, chrome: {chromedriverVersion: 113.0.5672.63 (0e1a4471d5ae..., userDataDir: C:\Users\AHMED~1.HEL\AppDat...}, goog:chromeOptions: {debuggerAddress: localhost:62729}, networkConnectionEnabled: false, pageLoadStrategy: normal, platformName: WINDOWS, proxy: Proxy(), setWindowRect: true, strictFileInteractability: false, timeouts: {implicit: 0, pageLoad: 300000, script: 30000}, unhandledPromptBehavior: dismiss and notify, webauthn:extension:credBlob: true, webauthn:extension:largeBlob: true, webauthn:extension:minPinLength: true, webauthn:extension:prf: true, webauthn:virtualAuthenticators: true}
Session ID: 3f9bb1f81a0e8d79922a29b824fc9a17
	at test.Main3.Class_1_test_1(Main3.java:36)
</failure>
    <system-err><![CDATA[ERROR StatusLogger Log4j2 could not find a logging implementation. Please add log4j-core to the classpath. Using SimpleLogger to log to the console...
Starting ChromeDriver 113.0.5672.63 (0e1a4471d5ae5bf128b1bd8f4d627c8cbd55f70c-refs/branch-heads/5672@{#912}) on port 40029
Only local connections are allowed.
Please see https://chromedriver.chromium.org/security-considerations for suggestions on keeping ChromeDriver safe.
ChromeDriver was started successfully.
May 21, 2023 9:09:25 AM org.openqa.selenium.devtools.CdpEndpointFinder getCdpEndPoint
WARNING: Unable to connect to determine websocket url: java.net.ConnectException: Connection refused: no further information: localhost/[0:0:0:0:0:0:0:1]:62729
May 21, 2023 9:09:25 AM org.openqa.selenium.devtools.CdpVersionFinder findNearestMatch
WARNING: Unable to find an exact match for CDP version 113, so returning the closest version found: 110
]]></system-err>
  </testcase>
</testsuite>