<?xml version="1.0" encoding="UTF-8"?>
<testng-results ignored="0" total="8" passed="8" failed="0" skipped="0">
  <reporter-output>
  </reporter-output>
  <suite started-at="2023-04-06T09:33:05 EET" name="nopcommerce Regression suite" finished-at="2023-04-06T09:33:05 EET" duration-ms="70">
    <groups>
    </groups>
    <test started-at="2023-04-06T09:33:05 EET" name="Regression test" finished-at="2023-04-06T09:33:05 EET" duration-ms="70">
      <class name="test.test1">
        <test-method signature="test1()[pri:0, instance:test.test1@41fbdac4]" started-at="2023-04-06T09:33:05 EET" name="test1" finished-at="2023-04-06T09:33:05 EET" duration-ms="7" status="PASS">
          <reporter-output>
          </reporter-output>
        </test-method> <!-- test1 -->
        <test-method signature="test2()[pri:0, instance:test.test1@41fbdac4]" started-at="2023-04-06T09:33:05 EET" name="test2" finished-at="2023-04-06T09:33:05 EET" duration-ms="0" status="PASS">
          <reporter-output>
          </reporter-output>
        </test-method> <!-- test2 -->
        <test-method signature="test3()[pri:0, instance:test.test1@41fbdac4]" started-at="2023-04-06T09:33:05 EET" name="test3" finished-at="2023-04-06T09:33:05 EET" duration-ms="1" status="PASS">
          <reporter-output>
          </reporter-output>
        </test-method> <!-- test3 -->
        <test-method signature="test4()[pri:0, instance:test.test1@41fbdac4]" started-at="2023-04-06T09:33:05 EET" name="test4" finished-at="2023-04-06T09:33:05 EET" duration-ms="0" status="PASS">
          <reporter-output>
          </reporter-output>
        </test-method> <!-- test4 -->
      </class> <!-- test.test1 -->
      <class name="test.test2">
        <test-method signature="test1()[pri:0, instance:test.test2@243c4f91]" started-at="2023-04-06T09:33:05 EET" name="test1" finished-at="2023-04-06T09:33:05 EET" duration-ms="1" status="PASS">
          <reporter-output>
          </reporter-output>
        </test-method> <!-- test1 -->
        <test-method signature="test2()[pri:0, instance:test.test2@243c4f91]" started-at="2023-04-06T09:33:05 EET" name="test2" finished-at="2023-04-06T09:33:05 EET" duration-ms="0" status="PASS">
          <reporter-output>
          </reporter-output>
        </test-method> <!-- test2 -->
        <test-method signature="test3()[pri:0, instance:test.test2@243c4f91]" started-at="2023-04-06T09:33:05 EET" name="test3" finished-at="2023-04-06T09:33:05 EET" duration-ms="1" status="PASS">
          <reporter-output>
          </reporter-output>
        </test-method> <!-- test3 -->
        <test-method signature="test4()[pri:0, instance:test.test2@243c4f91]" started-at="2023-04-06T09:33:05 EET" name="test4" finished-at="2023-04-06T09:33:05 EET" duration-ms="0" status="PASS">
          <reporter-output>
          </reporter-output>
        </test-method> <!-- test4 -->
      </class> <!-- test.test2 -->
    </test> <!-- Regression test -->
  </suite> <!-- nopcommerce Regression suite -->
</testng-results>
