<?xml version="1.0" encoding="UTF-8"?>
<testng-results ignored="0" total="12" passed="12" failed="0" skipped="0">
  <reporter-output>
  </reporter-output>
  <suite started-at="2023-04-11T12:16:16 EET" name="nopcommerce Regression suite" finished-at="2023-04-11T12:16:16 EET" duration-ms="318">
    <groups>
    </groups>
    <test started-at="2023-04-11T12:16:16 EET" name="Regression test" finished-at="2023-04-11T12:16:16 EET" duration-ms="318">
      <class name="test.Class3">
        <test-method signature="Class3est3()[pri:0, instance:test.Class3@41a0aa7d]" started-at="2023-04-11T12:16:16 EET" name="Class3est3" finished-at="2023-04-11T12:16:16 EET" duration-ms="2" status="PASS">
          <reporter-output>
          </reporter-output>
        </test-method> <!-- Class3est3 -->
        <test-method signature="Class3test1()[pri:0, instance:test.Class3@41a0aa7d]" started-at="2023-04-11T12:16:16 EET" name="Class3test1" finished-at="2023-04-11T12:16:16 EET" duration-ms="2" status="PASS">
          <reporter-output>
          </reporter-output>
        </test-method> <!-- Class3test1 -->
        <test-method signature="Class3test2()[pri:0, instance:test.Class3@41a0aa7d]" started-at="2023-04-11T12:16:16 EET" name="Class3test2" finished-at="2023-04-11T12:16:16 EET" duration-ms="2" status="PASS">
          <reporter-output>
          </reporter-output>
        </test-method> <!-- Class3test2 -->
        <test-method signature="Class3test4()[pri:0, instance:test.Class3@41a0aa7d]" started-at="2023-04-11T12:16:16 EET" name="Class3test4" finished-at="2023-04-11T12:16:16 EET" duration-ms="2" status="PASS">
          <reporter-output>
          </reporter-output>
        </test-method> <!-- Class3test4 -->
      </class> <!-- test.Class3 -->
      <class name="test.Class2">
        <test-method signature="Class2test1()[pri:0, instance:test.Class2@e350b40]" started-at="2023-04-11T12:16:16 EET" name="Class2test1" finished-at="2023-04-11T12:16:16 EET" duration-ms="2" status="PASS">
          <reporter-output>
          </reporter-output>
        </test-method> <!-- Class2test1 -->
        <test-method signature="Class2test2()[pri:0, instance:test.Class2@e350b40]" started-at="2023-04-11T12:16:16 EET" name="Class2test2" finished-at="2023-04-11T12:16:16 EET" duration-ms="2" status="PASS">
          <reporter-output>
          </reporter-output>
        </test-method> <!-- Class2test2 -->
        <test-method signature="Class2test3()[pri:0, instance:test.Class2@e350b40]" started-at="2023-04-11T12:16:16 EET" name="Class2test3" finished-at="2023-04-11T12:16:16 EET" duration-ms="3" status="PASS">
          <reporter-output>
          </reporter-output>
        </test-method> <!-- Class2test3 -->
        <test-method signature="Class2test4()[pri:0, instance:test.Class2@e350b40]" started-at="2023-04-11T12:16:16 EET" name="Class2test4" finished-at="2023-04-11T12:16:16 EET" duration-ms="3" status="PASS">
          <reporter-output>
          </reporter-output>
        </test-method> <!-- Class2test4 -->
      </class> <!-- test.Class2 -->
      <class name="test.Class1">
        <test-method signature="Class1test1()[pri:0, instance:test.Class1@5677323c]" started-at="2023-04-11T12:16:16 EET" name="Class1test1" finished-at="2023-04-11T12:16:16 EET" duration-ms="77" status="PASS">
          <reporter-output>
          </reporter-output>
        </test-method> <!-- Class1test1 -->
        <test-method signature="Class1test2()[pri:0, instance:test.Class1@5677323c]" started-at="2023-04-11T12:16:16 EET" name="Class1test2" finished-at="2023-04-11T12:16:16 EET" duration-ms="3" status="PASS">
          <reporter-output>
          </reporter-output>
        </test-method> <!-- Class1test2 -->
        <test-method signature="Class1test3()[pri:0, instance:test.Class1@5677323c]" started-at="2023-04-11T12:16:16 EET" name="Class1test3" finished-at="2023-04-11T12:16:16 EET" duration-ms="2" status="PASS">
          <reporter-output>
          </reporter-output>
        </test-method> <!-- Class1test3 -->
        <test-method signature="Class1test4()[pri:0, instance:test.Class1@5677323c]" started-at="2023-04-11T12:16:16 EET" name="Class1test4" finished-at="2023-04-11T12:16:16 EET" duration-ms="2" status="PASS">
          <reporter-output>
          </reporter-output>
        </test-method> <!-- Class1test4 -->
      </class> <!-- test.Class1 -->
    </test> <!-- Regression test -->
  </suite> <!-- nopcommerce Regression suite -->
</testng-results>
