<?xml version="1.0" encoding="UTF-8"?>
<!-- Generated by org.testng.reporters.JUnitXMLReporter -->
<testsuite ignored="0" hostname="DESKTOP-FDHEC2G" failures="0" tests="8" name="Regression test" time="0.07" errors="0" timestamp="2023-04-06T09:33:05 EET">
  <testcase classname="test.test1" name="test1" time="0.007"/>
  <testcase classname="test.test1" name="test2" time="0.0"/>
  <testcase classname="test.test1" name="test3" time="0.001"/>
  <testcase classname="test.test1" name="test4" time="0.0"/>
  <testcase classname="test.test2" name="test1" time="0.001"/>
  <testcase classname="test.test2" name="test2" time="0.0"/>
  <testcase classname="test.test2" name="test3" time="0.001"/>
  <testcase classname="test.test2" name="test4" time="0.0"/>
</testsuite> <!-- Regression test -->
