<?xml version="1.0" encoding="UTF-8"?>
<!-- Generated by org.testng.reporters.JUnitXMLReporter -->
<testsuite ignored="0" hostname="DESKTOP-FDHEC2G" failures="0" tests="12" name="Regression test" time="0.318" errors="0" timestamp="2023-04-11T12:16:16 EET">
  <testcase classname="test.Class1" name="Class1test1" time="0.077"/>
  <testcase classname="test.Class1" name="Class1test2" time="0.003"/>
  <testcase classname="test.Class1" name="Class1test3" time="0.002"/>
  <testcase classname="test.Class1" name="Class1test4" time="0.002"/>
  <testcase classname="test.Class2" name="Class2test1" time="0.002"/>
  <testcase classname="test.Class2" name="Class2test2" time="0.002"/>
  <testcase classname="test.Class2" name="Class2test3" time="0.003"/>
  <testcase classname="test.Class2" name="Class2test4" time="0.003"/>
  <testcase classname="test.Class3" name="Class3est3" time="0.002"/>
  <testcase classname="test.Class3" name="Class3test1" time="0.002"/>
  <testcase classname="test.Class3" name="Class3test2" time="0.002"/>
  <testcase classname="test.Class3" name="Class3test4" time="0.002"/>
</testsuite> <!-- Regression test -->
